>>>begin bitcoin logger
20
14
20
14
20
14
20
14
20
14
20
14
20
14
20
14
20
14
20
14
20
14
20
14
20
14
20
14
20
14
20
14
20
14
20
14
20
14
20
14
20
14
20
14
20
14
20
14
20
14
20
14
536870912
20000000
7825d856ba42d424ec1e7caf83d7f0bc646fd22a7819fef165071e6e3c78a5c4
343892a31c0c085aba3d6f1266d0f368bad37dc8fed765a987328facc233348a
1622462771
60b4d133
545259519
207fffff
0
00000000
1
00000001
0000000000000000000000000000000000000000000000000000000000000000
8bef79f693c587a08208dfd7cfc73d3fddd2f37553d5c06f1a917876df6482aa
1296688602
4d49e5da
545259519
207fffff
6
00000006
1
00000001
0000000000000000000000000000000000000000000000000000000000000000
8bef79f693c587a08208dfd7cfc73d3fddd2f37553d5c06f1a917876df6482aa
1296688602
4d49e5da
545259519
207fffff
6
00000006
False
0000
0
0000
False
0000
1
0001
1
00000001
0
00000000
2
02
72
48
20
14
22
16
1
00000001
23
17
4294967294
fffffffe
72
48
20
14
22
16
1
00000001
23
17
4294967294
fffffffe
1
01
0
0000000000000000
20
14
23
17
2
02
72
48
33
21
2
02
72
48
33
21
1
00000001
0
00000000
2
02
72
48
20
14
22
16
1
00000001
23
17
4294967294
fffffffe
72
48
20
14
22
16
1
00000001
23
17
4294967294
fffffffe
1
01
0
0000000000000000
20
14
23
17
2
02
72
48
33
21
2
02
72
48
33
21
2
02
72
48
33
21
2
02
72
48
33
21
20
14
False
0000
0
0000
False
0000
1
0001
1
00000001
0
00000000
2
02
72
48
20
14
22
16
1
00000001
23
17
4294967294
fffffffe
72
48
20
14
22
16
1
00000001
23
17
4294967294
fffffffe
1
01
0
0000000000000000
20
14
23
17
2
02
72
48
33
21
2
02
72
48
33
21
1
00000001
0
00000000
2
02
72
48
20
14
22
16
1
00000001
23
17
4294967294
fffffffe
72
48
20
14
22
16
1
00000001
23
17
4294967294
fffffffe
1
01
0
0000000000000000
20
14
23
17
2
02
72
48
33
21
2
02
72
48
33
21
2
02
72
48
33
21
2
02
72
48
33
21
20
14
1
00000001
-1
000000x1
536870912
20000000
7825d856ba42d424ec1e7caf83d7f0bc646fd22a7819fef165071e6e3c78a5c4
343892a31c0c085aba3d6f1266d0f368bad37dc8fed765a987328facc233348a
1622462771
60b4d133
545259519
207fffff
0
00000000
